[2024-05-20 20:15:19,978][INFO ][org.springframework.boot.StartupInfoLogger][main][50]Starting Batch7Application using Java 17.0.7 with PID 25688 (E:\binar\Binar Batch 7\MODUL\batch7\batch7-spring-boot\target\classes started by USER in E:\binar\Binar Batch 7\MODUL\batch7\batch7-spring-boot)
[2024-05-20 20:15:19,985][INFO ][org.springframework.boot.SpringApplication][main][654]No active profile set, falling back to 1 default profile: "default"
[2024-05-20 20:15:22,051][INFO ][org.springframework.data.repository.config.RepositoryConfigurationDelegate][main][143]Bootstrapping Spring Data JPA repositories in DEFAULT mode.
[2024-05-20 20:15:22,173][INFO ][org.springframework.data.repository.config.RepositoryConfigurationDelegate][main][211]Finished Spring Data repository scanning in 108 ms. Found 1 JPA repository interface.
[2024-05-20 20:15:23,786][INFO ][org.springframework.boot.web.embedded.tomcat.TomcatWebServer][main][109]Tomcat initialized with port 8083 (http)
[2024-05-20 20:15:23,813][INFO ][org.apache.juli.logging.DirectJDKLog][main][173]Initializing ProtocolHandler ["http-nio-8083"]
[2024-05-20 20:15:23,819][INFO ][org.apache.juli.logging.DirectJDKLog][main][173]Starting service [Tomcat]
[2024-05-20 20:15:23,820][INFO ][org.apache.juli.logging.DirectJDKLog][main][173]Starting Servlet engine: [Apache Tomcat/10.1.20]
[2024-05-20 20:15:23,977][INFO ][org.apache.juli.logging.DirectJDKLog][main][173]Initializing Spring embedded WebApplicationContext
[2024-05-20 20:15:23,978][INFO ][org.springframework.boot.web.servlet.context.ServletWebServerApplicationContext][main][296]Root WebApplicationContext: initialization completed in 3762 ms
[2024-05-20 20:15:24,399][INFO ][org.hibernate.jpa.internal.util.LogHelper][main][31]HHH000204: Processing PersistenceUnitInfo [name: default]
[2024-05-20 20:15:24,568][INFO ][org.hibernate.Version][main][44]HHH000412: Hibernate ORM core version 6.4.4.Final
[2024-05-20 20:15:24,646][INFO ][org.hibernate.cache.internal.RegionFactoryInitiator][main][50]HHH000026: Second-level cache disabled
[2024-05-20 20:15:25,089][INFO ][org.springframework.orm.jpa.persistenceunit.SpringPersistenceUnitInfo][main][87]No LoadTimeWeaver setup: ignoring JPA class transformer
[2024-05-20 20:15:25,154][INFO ][com.zaxxer.hikari.HikariDataSource][main][110]HikariPool-1 - Starting...
[2024-05-20 20:15:25,647][INFO ][com.zaxxer.hikari.pool.HikariPool][main][565]HikariPool-1 - Added connection org.postgresql.jdbc.PgConnection@52d9d817
[2024-05-20 20:15:25,651][INFO ][com.zaxxer.hikari.HikariDataSource][main][123]HikariPool-1 - Start completed.
[2024-05-20 20:15:27,771][INFO ][org.hibernate.engine.transaction.jta.platform.internal.JtaPlatformInitiator][main][58]HHH000489: No JTA platform available (set 'hibernate.transaction.jta.platform' to enable JTA platform integration)
[2024-05-20 20:15:27,987][INFO ][org.springframework.orm.jpa.AbstractEntityManagerFactoryBean][main][437]Initialized JPA EntityManagerFactory for persistence unit 'default'
[2024-05-20 20:15:28,651][INFO ][org.springframework.data.jpa.repository.query.QueryEnhancerFactory][main][49]Hibernate is in classpath; If applicable, HQL parser will be used.
[2024-05-20 20:15:29,864][WARN ][org.springframework.boot.autoconfigure.orm.jpa.JpaBaseConfiguration$JpaWebConfiguration][main][232]spring.jpa.open-in-view is enabled by default. Therefore, database queries may be performed during view rendering. Explicitly configure spring.jpa.open-in-view to disable this warning
[2024-05-20 20:15:30,743][WARN ][org.springframework.boot.autoconfigure.thymeleaf.ThymeleafAutoConfiguration$DefaultTemplateResolverConfiguration][main][101]Cannot find template location: classpath:/templates/ (please add some templates, check your Thymeleaf configuration, or set spring.thymeleaf.check-template-location=false)
[2024-05-20 20:15:31,196][INFO ][org.apache.juli.logging.DirectJDKLog][main][173]Starting ProtocolHandler ["http-nio-8083"]
[2024-05-20 20:15:31,245][INFO ][org.springframework.boot.web.embedded.tomcat.TomcatWebServer][main][241]Tomcat started on port 8083 (http) with context path '/api'
[2024-05-20 20:15:31,262][INFO ][org.springframework.boot.StartupInfoLogger][main][56]Started Batch7Application in 12.466 seconds (process running for 13.329)
[2024-05-20 20:15:31,268][INFO ][com.example.batch7.Batch7Application][main][22]info logging level
[2024-05-20 20:15:31,269][ERROR][com.example.batch7.Batch7Application][main][23]eror logging level
[2024-05-20 20:15:31,269][WARN ][com.example.batch7.Batch7Application][main][24]warning logging level
[2024-05-20 20:15:31,269][ERROR][com.example.batch7.Batch7Application][main][27]Error processing request
[2024-05-20 20:17:06,341][INFO ][org.springframework.orm.jpa.AbstractEntityManagerFactoryBean][SpringApplicationShutdownHook][650]Closing JPA EntityManagerFactory for persistence unit 'default'
[2024-05-20 20:17:06,345][INFO ][com.zaxxer.hikari.HikariDataSource][SpringApplicationShutdownHook][350]HikariPool-1 - Shutdown initiated...
[2024-05-20 20:17:06,366][INFO ][com.zaxxer.hikari.HikariDataSource][SpringApplicationShutdownHook][352]HikariPool-1 - Shutdown completed.
